d:\std\labs\lab15\lab15\lab15\x64\debug\vc143.pdb
d:\std\labs\lab15\lab15\lab15\x64\debug\vc143.idb
d:\std\labs\lab15\lab15\lab15\x64\debug\supportlib.obj
d:\std\labs\lab15\lab15\lab15\x64\debug\pbplots.obj
d:\std\labs\lab15\lab15\lab15\x64\debug\main.obj
d:\std\labs\lab15\lab15\lab15\x64\debug\lagrangianpolynomial.obj
d:\std\labs\lab15\lab15\lab15\x64\debug\filereader.obj
d:\std\labs\lab15\lab15\lab15\x64\debug\database.obj
d:\std\labs\lab15\lab15\x64\debug\lab15.pdb
d:\std\labs\lab15\lab15\lab15\x64\debug\lab15.tlog\cl.command.1.tlog
d:\std\labs\lab15\lab15\lab15\x64\debug\lab15.tlog\cl.read.1.tlog
d:\std\labs\lab15\lab15\lab15\x64\debug\lab15.tlog\cl.write.1.tlog
d:\std\labs\lab15\lab15\lab15\x64\debug\lab15.tlog\link-cvtres.read.1.tlog
d:\std\labs\lab15\lab15\lab15\x64\debug\lab15.tlog\link-cvtres.write.1.tlog
d:\std\labs\lab15\lab15\lab15\x64\debug\lab15.tlog\link-rc.read.1.tlog
d:\std\labs\lab15\lab15\lab15\x64\debug\lab15.tlog\link-rc.write.1.tlog
d:\std\labs\lab15\lab15\lab15\x64\debug\lab15.tlog\link.command.1.tlog
d:\std\labs\lab15\lab15\lab15\x64\debug\lab15.tlog\link.read.1.tlog
d:\std\labs\lab15\lab15\lab15\x64\debug\lab15.tlog\link.read.2.tlog
d:\std\labs\lab15\lab15\lab15\x64\debug\lab15.tlog\link.write.1.tlog
